yarn list v1.22.18
├─ @eslint/eslintrc@1.3.0
│  ├─ ajv@^6.12.4
│  ├─ debug@^4.3.2
│  ├─ debug@4.3.4
│  │  └─ ms@2.1.2
│  ├─ espree@^9.3.2
│  ├─ globals@^13.15.0
│  ├─ ignore@^5.2.0
│  ├─ import-fresh@^3.2.1
│  ├─ js-yaml@^4.1.0
│  ├─ minimatch@^3.1.2
│  ├─ ms@2.1.2
│  └─ strip-json-comments@^3.1.1
├─ @humanwhocodes/config-array@0.10.4
│  ├─ @humanwhocodes/object-schema@^1.2.1
│  ├─ debug@^4.1.1
│  ├─ debug@4.3.4
│  │  └─ ms@2.1.2
│  ├─ minimatch@^3.0.4
│  └─ ms@2.1.2
├─ @humanwhocodes/gitignore-to-minimatch@1.0.2
├─ @humanwhocodes/object-schema@1.2.1
├─ @nodelib/fs.scandir@2.1.5
│  ├─ @nodelib/fs.stat@2.0.5
│  └─ run-parallel@^1.1.9
├─ @nodelib/fs.stat@2.0.5
├─ @nodelib/fs.walk@1.2.8
│  ├─ @nodelib/fs.scandir@2.1.5
│  └─ fastq@^1.6.0
├─ @types/body-parser@1.19.2
│  ├─ @types/connect@*
│  ├─ @types/node@*
│  └─ @types/node@18.6.3
├─ @types/connect@3.4.35
│  ├─ @types/node@*
│  └─ @types/node@18.6.3
├─ @types/express-serve-static-core@4.17.30
│  ├─ @types/node@*
│  ├─ @types/node@18.6.3
│  ├─ @types/qs@*
│  └─ @types/range-parser@*
├─ @types/express@4.17.13
│  ├─ @types/body-parser@*
│  ├─ @types/express-serve-static-core@^4.17.18
│  ├─ @types/qs@*
│  └─ @types/serve-static@*
├─ @types/json2csv@5.0.3
│  ├─ @types/node@*
│  └─ @types/node@18.6.3
├─ @types/json5@0.0.29
├─ @types/mime@3.0.0
├─ @types/node@17.0.45
├─ @types/qs@6.9.7
├─ @types/range-parser@1.2.4
├─ @types/serve-static@1.15.0
│  ├─ @types/mime@*
│  ├─ @types/node@*
│  └─ @types/node@18.6.3
├─ @types/underscore.string@0.0.38
│  └─ @types/underscore@*
├─ @types/underscore@1.11.4
├─ abbrev@1.1.1
├─ acorn-jsx@5.3.2
├─ acorn@8.8.0
├─ ajv@6.12.6
│  ├─ fast-deep-equal@^3.1.1
│  ├─ fast-json-stable-stringify@^2.0.0
│  ├─ json-schema-traverse@^0.4.1
│  └─ uri-js@^4.2.2
├─ ansi-regex@5.0.1
├─ ansi-styles@4.3.0
│  └─ color-convert@^2.0.1
├─ anymatch@3.1.2
│  ├─ normalize-path@^3.0.0
│  └─ picomatch@^2.0.4
├─ argparse@2.0.1
├─ array-each@1.0.1
├─ array-find-index@1.0.2
├─ array-includes@3.1.5
│  ├─ call-bind@^1.0.2
│  ├─ define-properties@^1.1.4
│  ├─ es-abstract@^1.19.5
│  ├─ get-intrinsic@^1.1.1
│  └─ is-string@^1.0.7
├─ array-slice@1.1.0
├─ array-union@2.1.0
├─ array-uniq@1.0.3
├─ array.prototype.flat@1.3.0
│  ├─ call-bind@^1.0.2
│  ├─ define-properties@^1.1.3
│  ├─ es-abstract@^1.19.2
│  └─ es-shim-unscopables@^1.0.0
├─ array.prototype.flatmap@1.3.0
│  ├─ call-bind@^1.0.2
│  ├─ define-properties@^1.1.3
│  ├─ es-abstract@^1.19.2
│  └─ es-shim-unscopables@^1.0.0
├─ async@1.5.2
├─ balanced-match@1.0.2
├─ bin-version-check@2.1.0
│  ├─ bin-version@^1.0.0
│  ├─ minimist@^1.1.0
│  ├─ semver-truncate@^1.0.0
│  ├─ semver@^4.0.3
│  └─ semver@4.3.6
├─ bin-version@1.0.4
│  └─ find-versions@^1.0.0
├─ binary-extensions@2.2.0
├─ body@5.1.0
│  ├─ continuable-cache@^0.3.1
│  ├─ error@^7.0.0
│  ├─ raw-body@~1.1.0
│  └─ safe-json-parse@~1.0.1
├─ brace-expansion@1.1.11
│  ├─ balanced-match@^1.0.0
│  └─ concat-map@0.0.1
├─ braces@3.0.2
│  └─ fill-range@^7.0.1
├─ bytes@1.0.0
├─ call-bind@1.0.2
│  ├─ function-bind@^1.1.1
│  └─ get-intrinsic@^1.0.2
├─ callsites@3.1.0
├─ camelcase-keys@2.1.0
│  ├─ camelcase@^2.0.0
│  └─ map-obj@^1.0.0
├─ camelcase@2.1.1
├─ chalk@4.1.2
│  ├─ ansi-styles@^4.1.0
│  ├─ has-flag@4.0.0
│  ├─ supports-color@^7.1.0
│  └─ supports-color@7.2.0
│     └─ has-flag@^4.0.0
├─ chokidar@3.5.3
│  ├─ anymatch@~3.1.2
│  ├─ braces@~3.0.2
│  ├─ fsevents@~2.3.2
│  ├─ glob-parent@~5.1.2
│  ├─ is-binary-path@~2.1.0
│  ├─ is-glob@~4.0.1
│  ├─ normalize-path@~3.0.0
│  └─ readdirp@~3.6.0
├─ color-convert@2.0.1
│  └─ color-name@~1.1.4
├─ color-name@1.1.4
├─ colors@1.1.2
├─ concat-map@0.0.1
├─ confusing-browser-globals@1.0.11
├─ continuable-cache@0.3.1
├─ cross-spawn@7.0.3
│  ├─ path-key@^3.1.0
│  ├─ shebang-command@^2.0.0
│  ├─ which@^2.0.1
│  └─ which@2.0.2
│     └─ isexe@^2.0.0
├─ currently-unhandled@0.4.1
│  └─ array-find-index@^1.0.1
├─ dargs@2.1.0
├─ dateformat@3.0.3
├─ debug@3.2.7
│  └─ ms@^2.1.1
├─ decamelize@1.2.0
├─ deep-is@0.1.4
├─ define-properties@1.1.4
│  ├─ has-property-descriptors@^1.0.0
│  └─ object-keys@^1.1.1
├─ detect-file@1.0.0
├─ dir-glob@3.0.1
│  └─ path-type@^4.0.0
├─ doctrine@2.1.0
│  └─ esutils@^2.0.2
├─ error-ex@1.3.2
│  └─ is-arrayish@^0.2.1
├─ error@7.2.1
│  └─ string-template@~0.2.1
├─ es-abstract@1.20.1
│  ├─ call-bind@^1.0.2
│  ├─ es-to-primitive@^1.2.1
│  ├─ function-bind@^1.1.1
│  ├─ function.prototype.name@^1.1.5
│  ├─ get-intrinsic@^1.1.1
│  ├─ get-symbol-description@^1.0.0
│  ├─ has-property-descriptors@^1.0.0
│  ├─ has-symbols@^1.0.3
│  ├─ has@^1.0.3
│  ├─ internal-slot@^1.0.3
│  ├─ is-callable@^1.2.4
│  ├─ is-negative-zero@^2.0.2
│  ├─ is-regex@^1.1.4
│  ├─ is-shared-array-buffer@^1.0.2
│  ├─ is-string@^1.0.7
│  ├─ is-weakref@^1.0.2
│  ├─ object-inspect@^1.12.0
│  ├─ object-keys@^1.1.1
│  ├─ object.assign@^4.1.2
│  ├─ regexp.prototype.flags@^1.4.3
│  ├─ string.prototype.trimend@^1.0.5
│  ├─ string.prototype.trimstart@^1.0.5
│  └─ unbox-primitive@^1.0.2
├─ es-shim-unscopables@1.0.0
│  └─ has@^1.0.3
├─ es-to-primitive@1.2.1
│  ├─ is-callable@^1.1.4
│  ├─ is-date-object@^1.0.1
│  └─ is-symbol@^1.0.2
├─ escape-string-regexp@1.0.5
├─ eslint-config-airbnb-base@15.0.0
│  ├─ confusing-browser-globals@^1.0.10
│  ├─ object.assign@^4.1.2
│  ├─ object.entries@^1.1.5
│  ├─ semver@^6.3.0
│  └─ semver@6.3.0
├─ eslint-import-resolver-node@0.3.6
│  ├─ debug@^3.2.7
│  └─ resolve@^1.20.0
├─ eslint-module-utils@2.7.3
│  ├─ debug@^3.2.7
│  ├─ find-up@^2.1.0
│  ├─ find-up@2.1.0
│  │  └─ locate-path@^2.0.0
│  ├─ locate-path@2.0.0
│  │  ├─ p-locate@^2.0.0
│  │  └─ path-exists@^3.0.0
│  ├─ p-limit@1.3.0
│  │  └─ p-try@^1.0.0
│  ├─ p-locate@2.0.0
│  │  └─ p-limit@^1.1.0
│  └─ path-exists@3.0.0
├─ eslint-plugin-import@2.26.0
│  ├─ array-includes@^3.1.4
│  ├─ array.prototype.flat@^1.2.5
│  ├─ debug@^2.6.9
│  ├─ debug@2.6.9
│  │  └─ ms@2.0.0
│  ├─ doctrine@^2.1.0
│  ├─ eslint-import-resolver-node@^0.3.6
│  ├─ eslint-module-utils@^2.7.3
│  ├─ has@^1.0.3
│  ├─ is-core-module@^2.8.1
│  ├─ is-glob@^4.0.3
│  ├─ minimatch@^3.1.2
│  ├─ ms@2.0.0
│  ├─ object.values@^1.1.5
│  ├─ resolve@^1.22.0
│  └─ tsconfig-paths@^3.14.1
├─ eslint-plugin-react@7.30.1
│  ├─ array-includes@^3.1.5
│  ├─ array.prototype.flatmap@^1.3.0
│  ├─ doctrine@^2.1.0
│  ├─ estraverse@^5.3.0
│  ├─ jsx-ast-utils@^2.4.1 || ^3.0.0
│  ├─ minimatch@^3.1.2
│  ├─ object.entries@^1.1.5
│  ├─ object.fromentries@^2.0.5
│  ├─ object.hasown@^1.1.1
│  ├─ object.values@^1.1.5
│  ├─ prop-types@^15.8.1
│  ├─ resolve@^2.0.0-next.3
│  ├─ resolve@2.0.0-next.4
│  │  ├─ is-core-module@^2.9.0
│  │  ├─ path-parse@^1.0.7
│  │  └─ supports-preserve-symlinks-flag@^1.0.0
│  ├─ semver@^6.3.0
│  ├─ semver@6.3.0
│  └─ string.prototype.matchall@^4.0.7
├─ eslint-scope@7.1.1
│  ├─ esrecurse@^4.3.0
│  └─ estraverse@^5.2.0
├─ eslint-utils@3.0.0
│  ├─ eslint-visitor-keys@^2.0.0
│  └─ eslint-visitor-keys@2.1.0
├─ eslint-visitor-keys@3.3.0
├─ eslint@8.21.0
│  ├─ @eslint/eslintrc@^1.3.0
│  ├─ @humanwhocodes/config-array@^0.10.4
│  ├─ @humanwhocodes/gitignore-to-minimatch@^1.0.2
│  ├─ ajv@^6.10.0
│  ├─ chalk@^4.0.0
│  ├─ cross-spawn@^7.0.2
│  ├─ debug@^4.3.2
│  ├─ debug@4.3.4
│  │  └─ ms@2.1.2
│  ├─ doctrine@^3.0.0
│  ├─ doctrine@3.0.0
│  │  └─ esutils@^2.0.2
│  ├─ escape-string-regexp@^4.0.0
│  ├─ escape-string-regexp@4.0.0
│  ├─ eslint-scope@^7.1.1
│  ├─ eslint-utils@^3.0.0
│  ├─ eslint-visitor-keys@^3.3.0
│  ├─ espree@^9.3.3
│  ├─ esquery@^1.4.0
│  ├─ esutils@^2.0.2
│  ├─ fast-deep-equal@^3.1.3
│  ├─ file-entry-cache@^6.0.1
│  ├─ find-up@^5.0.0
│  ├─ functional-red-black-tree@^1.0.1
│  ├─ glob-parent@^6.0.1
│  ├─ glob-parent@6.0.2
│  │  └─ is-glob@^4.0.3
│  ├─ globals@^13.15.0
│  ├─ globby@^11.1.0
│  ├─ grapheme-splitter@^1.0.4
│  ├─ ignore@^5.2.0
│  ├─ import-fresh@^3.0.0
│  ├─ imurmurhash@^0.1.4
│  ├─ is-glob@^4.0.0
│  ├─ js-yaml@^4.1.0
│  ├─ json-stable-stringify-without-jsonify@^1.0.1
│  ├─ levn@^0.4.1
│  ├─ lodash.merge@^4.6.2
│  ├─ minimatch@^3.1.2
│  ├─ ms@2.1.2
│  ├─ natural-compare@^1.4.0
│  ├─ optionator@^0.9.1
│  ├─ regexpp@^3.2.0
│  ├─ strip-ansi@^6.0.1
│  ├─ strip-json-comments@^3.1.0
│  ├─ text-table@^0.2.0
│  └─ v8-compile-cache@^2.0.3
├─ espree@9.3.3
│  ├─ acorn-jsx@^5.3.2
│  ├─ acorn@^8.8.0
│  └─ eslint-visitor-keys@^3.3.0
├─ esprima@4.0.1
├─ esquery@1.4.0
│  └─ estraverse@^5.1.0
├─ esrecurse@4.3.0
│  └─ estraverse@^5.2.0
├─ estraverse@5.3.0
├─ esutils@2.0.3
├─ eventemitter2@0.4.14
├─ exit@0.1.2
├─ expand-tilde@2.0.2
│  └─ homedir-polyfill@^1.0.1
├─ extend@3.0.2
├─ fast-deep-equal@3.1.3
├─ fast-glob@3.2.11
│  ├─ @nodelib/fs.stat@^2.0.2
│  ├─ @nodelib/fs.walk@^1.2.3
│  ├─ glob-parent@^5.1.2
│  ├─ merge2@^1.3.0
│  └─ micromatch@^4.0.4
├─ fast-json-stable-stringify@2.1.0
├─ fast-levenshtein@2.0.6
├─ fastq@1.13.0
│  └─ reusify@^1.0.4
├─ faye-websocket@0.10.0
│  └─ websocket-driver@>=0.5.1
├─ file-entry-cache@6.0.1
│  └─ flat-cache@^3.0.4
├─ fill-range@7.0.1
│  └─ to-regex-range@^5.0.1
├─ find-up@5.0.0
│  ├─ locate-path@^6.0.0
│  └─ path-exists@^4.0.0
├─ find-versions@1.2.1
│  ├─ array-uniq@^1.0.0
│  ├─ get-stdin@^4.0.1
│  ├─ meow@^3.5.0
│  └─ semver-regex@^1.0.0
├─ findup-sync@0.3.0
│  ├─ glob@~5.0.0
│  └─ glob@5.0.15
│     ├─ inflight@^1.0.4
│     ├─ inherits@2
│     ├─ minimatch@2 || 3
│     ├─ once@^1.3.0
│     └─ path-is-absolute@^1.0.0
├─ fined@1.2.0
│  ├─ expand-tilde@^2.0.2
│  ├─ is-plain-object@^2.0.3
│  ├─ object.defaults@^1.1.0
│  ├─ object.pick@^1.2.0
│  └─ parse-filepath@^1.0.1
├─ flagged-respawn@1.0.1
├─ flat-cache@3.0.4
│  ├─ flatted@^3.1.0
│  └─ rimraf@^3.0.2
├─ flatted@3.2.6
├─ for-in@1.0.2
├─ for-own@1.0.0
│  └─ for-in@^1.0.1
├─ fs.realpath@1.0.0
├─ fsevents@2.3.2
├─ function-bind@1.1.1
├─ function.prototype.name@1.1.5
│  ├─ call-bind@^1.0.2
│  ├─ define-properties@^1.1.3
│  ├─ es-abstract@^1.19.0
│  └─ functions-have-names@^1.2.2
├─ functional-red-black-tree@1.0.1
├─ functions-have-names@1.2.3
├─ gaze@1.1.3
│  └─ globule@^1.0.0
├─ get-intrinsic@1.1.2
│  ├─ function-bind@^1.1.1
│  ├─ has-symbols@^1.0.3
│  └─ has@^1.0.3
├─ get-stdin@4.0.1
├─ get-symbol-description@1.0.0
│  ├─ call-bind@^1.0.2
│  └─ get-intrinsic@^1.1.1
├─ getobject@1.0.2
├─ git-rev-sync@3.0.2
│  ├─ escape-string-regexp@1.0.5
│  ├─ graceful-fs@4.1.15
│  ├─ graceful-fs@4.1.15
│  └─ shelljs@0.8.5
├─ glob-parent@5.1.2
│  └─ is-glob@^4.0.1
├─ glob@7.1.7
│  ├─ fs.realpath@^1.0.0
│  ├─ inflight@^1.0.4
│  ├─ inherits@2
│  ├─ minimatch@^3.0.4
│  ├─ once@^1.3.0
│  └─ path-is-absolute@^1.0.0
├─ global-modules@1.0.0
│  ├─ global-prefix@^1.0.1
│  ├─ is-windows@^1.0.1
│  └─ resolve-dir@^1.0.0
├─ global-prefix@1.0.2
│  ├─ expand-tilde@^2.0.2
│  ├─ homedir-polyfill@^1.0.1
│  ├─ ini@^1.3.4
│  ├─ is-windows@^1.0.1
│  └─ which@^1.2.14
├─ globals@13.17.0
│  └─ type-fest@^0.20.2
├─ globby@11.1.0
│  ├─ array-union@^2.1.0
│  ├─ dir-glob@^3.0.1
│  ├─ fast-glob@^3.2.9
│  ├─ ignore@^5.2.0
│  ├─ merge2@^1.4.1
│  └─ slash@^3.0.0
├─ globule@1.3.4
│  ├─ glob@~7.1.1
│  ├─ lodash@^4.17.21
│  ├─ minimatch@~3.0.2
│  └─ minimatch@3.0.8
│     └─ brace-expansion@^1.1.7
├─ graceful-fs@4.2.10
├─ grapheme-splitter@1.0.4
├─ grunt-cli@1.4.3
│  ├─ grunt-known-options@~2.0.0
│  ├─ interpret@~1.1.0
│  ├─ interpret@1.1.0
│  ├─ liftup@~3.0.1
│  ├─ nopt@~4.0.1
│  ├─ nopt@4.0.3
│  │  ├─ abbrev@1
│  │  └─ osenv@^0.1.4
│  └─ v8flags@~3.2.0
├─ grunt-contrib-compass@1.1.1
│  ├─ async@^1.5.2
│  ├─ bin-version-check@^2.0.0
│  ├─ dargs@^2.0.3
│  ├─ onetime@^1.0.0
│  ├─ tmp@0.0.28
│  └─ which@^1.0.9
├─ grunt-contrib-watch@1.1.0
│  ├─ async@^2.6.0
│  ├─ async@2.6.4
│  │  └─ lodash@^4.17.14
│  ├─ gaze@^1.1.0
│  ├─ lodash@^4.17.10
│  └─ tiny-lr@^1.1.1
├─ grunt-known-options@2.0.0
├─ grunt-legacy-log-utils@2.1.0
│  ├─ chalk@~4.1.0
│  └─ lodash@~4.17.19
├─ grunt-legacy-log@3.0.0
│  ├─ colors@~1.1.2
│  ├─ grunt-legacy-log-utils@~2.1.0
│  ├─ hooker@~0.2.3
│  └─ lodash@~4.17.19
├─ grunt-legacy-util@2.0.1
│  ├─ async@~3.2.0
│  ├─ async@3.2.4
│  ├─ exit@~0.1.2
│  ├─ getobject@~1.0.0
│  ├─ hooker@~0.2.3
│  ├─ lodash@~4.17.21
│  ├─ underscore.string@~3.3.5
│  ├─ which@~2.0.2
│  └─ which@2.0.2
│     └─ isexe@^2.0.0
├─ grunt-sass@3.1.0
├─ grunt@1.5.3
│  ├─ argparse@1.0.10
│  │  └─ sprintf-js@~1.0.2
│  ├─ dateformat@~3.0.3
│  ├─ eventemitter2@~0.4.13
│  ├─ exit@~0.1.2
│  ├─ findup-sync@~0.3.0
│  ├─ glob@~7.1.6
│  ├─ grunt-cli@~1.4.3
│  ├─ grunt-known-options@~2.0.0
│  ├─ grunt-legacy-log@~3.0.0
│  ├─ grunt-legacy-util@~2.0.1
│  ├─ iconv-lite@~0.4.13
│  ├─ js-yaml@~3.14.0
│  ├─ js-yaml@3.14.1
│  │  ├─ argparse@^1.0.7
│  │  └─ esprima@^4.0.0
│  ├─ minimatch@~3.0.4
│  ├─ minimatch@3.0.8
│  │  └─ brace-expansion@^1.1.7
│  ├─ mkdirp@~1.0.4
│  ├─ nopt@~3.0.6
│  ├─ rimraf@~3.0.2
│  └─ sprintf-js@1.0.3
├─ has-bigints@1.0.2
├─ has-flag@3.0.0
├─ has-property-descriptors@1.0.0
│  └─ get-intrinsic@^1.1.1
├─ has-symbols@1.0.3
├─ has-tostringtag@1.0.0
│  └─ has-symbols@^1.0.2
├─ has@1.0.3
│  └─ function-bind@^1.1.1
├─ homedir-polyfill@1.0.3
│  └─ parse-passwd@^1.0.0
├─ hooker@0.2.3
├─ hosted-git-info@2.8.9
├─ http-parser-js@0.5.8
├─ iconv-lite@0.4.24
│  └─ safer-buffer@>= 2.1.2 < 3
├─ ignore-by-default@1.0.1
├─ ignore@5.2.0
├─ import-fresh@3.3.0
│  ├─ parent-module@^1.0.0
│  └─ resolve-from@^4.0.0
├─ imurmurhash@0.1.4
├─ indent-string@2.1.0
│  └─ repeating@^2.0.0
├─ inflight@1.0.6
│  ├─ once@^1.3.0
│  └─ wrappy@1
├─ inherits@2.0.4
├─ ini@1.3.8
├─ internal-slot@1.0.3
│  ├─ get-intrinsic@^1.1.0
│  ├─ has@^1.0.3
│  └─ side-channel@^1.0.4
├─ interpret@1.4.0
├─ is-absolute@1.0.0
│  ├─ is-relative@^1.0.0
│  └─ is-windows@^1.0.1
├─ is-arrayish@0.2.1
├─ is-bigint@1.0.4
│  └─ has-bigints@^1.0.1
├─ is-binary-path@2.1.0
│  └─ binary-extensions@^2.0.0
├─ is-boolean-object@1.1.2
│  ├─ call-bind@^1.0.2
│  └─ has-tostringtag@^1.0.0
├─ is-callable@1.2.4
├─ is-core-module@2.9.0
│  └─ has@^1.0.3
├─ is-date-object@1.0.5
│  └─ has-tostringtag@^1.0.0
├─ is-extglob@2.1.1
├─ is-finite@1.1.0
├─ is-glob@4.0.3
│  └─ is-extglob@^2.1.1
├─ is-negative-zero@2.0.2
├─ is-number-object@1.0.7
│  └─ has-tostringtag@^1.0.0
├─ is-number@7.0.0
├─ is-plain-object@2.0.4
│  └─ isobject@^3.0.1
├─ is-regex@1.1.4
│  ├─ call-bind@^1.0.2
│  └─ has-tostringtag@^1.0.0
├─ is-relative@1.0.0
│  └─ is-unc-path@^1.0.0
├─ is-shared-array-buffer@1.0.2
│  └─ call-bind@^1.0.2
├─ is-string@1.0.7
│  └─ has-tostringtag@^1.0.0
├─ is-symbol@1.0.4
│  └─ has-symbols@^1.0.2
├─ is-unc-path@1.0.0
│  └─ unc-path-regex@^0.1.2
├─ is-utf8@0.2.1
├─ is-weakref@1.0.2
│  └─ call-bind@^1.0.2
├─ is-windows@1.0.2
├─ isexe@2.0.0
├─ isobject@3.0.1
├─ js-tokens@4.0.0
├─ js-yaml@4.1.0
│  └─ argparse@^2.0.1
├─ json-schema-traverse@0.4.1
├─ json-stable-stringify-without-jsonify@1.0.1
├─ json5@1.0.1
│  └─ minimist@^1.2.0
├─ jsx-ast-utils@3.3.2
│  ├─ array-includes@^3.1.5
│  └─ object.assign@^4.1.2
├─ kind-of@6.0.3
├─ levn@0.4.1
│  ├─ prelude-ls@^1.2.1
│  └─ type-check@~0.4.0
├─ liftup@3.0.1
│  ├─ extend@^3.0.2
│  ├─ findup-sync@^4.0.0
│  ├─ findup-sync@4.0.0
│  │  ├─ detect-file@^1.0.0
│  │  ├─ is-glob@^4.0.0
│  │  ├─ micromatch@^4.0.2
│  │  └─ resolve-dir@^1.0.1
│  ├─ fined@^1.2.0
│  ├─ flagged-respawn@^1.0.1
│  ├─ is-plain-object@^2.0.4
│  ├─ object.map@^1.0.1
│  ├─ rechoir@^0.7.0
│  ├─ rechoir@0.7.1
│  │  └─ resolve@^1.9.0
│  └─ resolve@^1.19.0
├─ livereload-js@2.4.0
├─ load-json-file@1.1.0
│  ├─ graceful-fs@^4.1.2
│  ├─ parse-json@^2.2.0
│  ├─ pify@^2.0.0
│  ├─ pinkie-promise@^2.0.0
│  ├─ strip-bom@^2.0.0
│  └─ strip-bom@2.0.0
│     └─ is-utf8@^0.2.0
├─ locate-path@6.0.0
│  └─ p-locate@^5.0.0
├─ lodash.merge@4.6.2
├─ lodash@4.17.21
├─ loose-envify@1.4.0
│  └─ js-tokens@^3.0.0 || ^4.0.0
├─ loud-rejection@1.6.0
│  ├─ currently-unhandled@^0.4.1
│  └─ signal-exit@^3.0.0
├─ make-iterator@1.0.1
│  └─ kind-of@^6.0.2
├─ map-cache@0.2.2
├─ map-obj@1.0.1
├─ meow@3.7.0
│  ├─ camelcase-keys@^2.0.0
│  ├─ decamelize@^1.1.2
│  ├─ loud-rejection@^1.0.0
│  ├─ map-obj@^1.0.1
│  ├─ minimist@^1.1.3
│  ├─ normalize-package-data@^2.3.4
│  ├─ object-assign@^4.0.1
│  ├─ read-pkg-up@^1.0.1
│  ├─ redent@^1.0.0
│  └─ trim-newlines@^1.0.0
├─ merge2@1.4.1
├─ micromatch@4.0.5
│  ├─ braces@^3.0.2
│  └─ picomatch@^2.3.1
├─ minimatch@3.1.2
│  └─ brace-expansion@^1.1.7
├─ minimist@1.2.6
├─ mkdirp@1.0.4
├─ moment-business-days@1.2.0
├─ moment@2.29.4
├─ ms@2.1.3
├─ natural-compare@1.4.0
├─ nodemon@2.0.19
│  ├─ chokidar@^3.5.2
│  ├─ debug@^3.2.7
│  ├─ ignore-by-default@^1.0.1
│  ├─ minimatch@^3.0.4
│  ├─ pstree.remy@^1.1.8
│  ├─ semver@^5.7.1
│  ├─ simple-update-notifier@^1.0.7
│  ├─ supports-color@^5.5.0
│  ├─ touch@^3.1.0
│  └─ undefsafe@^2.0.5
├─ nopt@3.0.6
│  └─ abbrev@1
├─ normalize-package-data@2.5.0
│  ├─ hosted-git-info@^2.1.4
│  ├─ resolve@^1.10.0
│  ├─ semver@2 || 3 || 4 || 5
│  └─ validate-npm-package-license@^3.0.1
├─ normalize-path@3.0.0
├─ object-assign@4.1.1
├─ object-inspect@1.12.2
├─ object-keys@1.1.1
├─ object.assign@4.1.2
│  ├─ call-bind@^1.0.0
│  ├─ define-properties@^1.1.3
│  ├─ has-symbols@^1.0.1
│  └─ object-keys@^1.1.1
├─ object.defaults@1.1.0
│  ├─ array-each@^1.0.1
│  ├─ array-slice@^1.0.0
│  ├─ for-own@^1.0.0
│  └─ isobject@^3.0.0
├─ object.entries@1.1.5
│  ├─ call-bind@^1.0.2
│  ├─ define-properties@^1.1.3
│  └─ es-abstract@^1.19.1
├─ object.fromentries@2.0.5
│  ├─ call-bind@^1.0.2
│  ├─ define-properties@^1.1.3
│  └─ es-abstract@^1.19.1
├─ object.hasown@1.1.1
│  ├─ define-properties@^1.1.4
│  └─ es-abstract@^1.19.5
├─ object.map@1.0.1
│  ├─ for-own@^1.0.0
│  └─ make-iterator@^1.0.0
├─ object.pick@1.3.0
│  └─ isobject@^3.0.1
├─ object.values@1.1.5
│  ├─ call-bind@^1.0.2
│  ├─ define-properties@^1.1.3
│  └─ es-abstract@^1.19.1
├─ once@1.4.0
│  └─ wrappy@1
├─ onetime@1.1.0
├─ optionator@0.9.1
│  ├─ deep-is@^0.1.3
│  ├─ fast-levenshtein@^2.0.6
│  ├─ levn@^0.4.1
│  ├─ prelude-ls@^1.2.1
│  ├─ type-check@^0.4.0
│  └─ word-wrap@^1.2.3
├─ os-homedir@1.0.2
├─ os-tmpdir@1.0.2
├─ osenv@0.1.5
│  ├─ os-homedir@^1.0.0
│  └─ os-tmpdir@^1.0.0
├─ p-limit@3.1.0
│  └─ yocto-queue@^0.1.0
├─ p-locate@5.0.0
│  └─ p-limit@^3.0.2
├─ p-try@1.0.0
├─ parent-module@1.0.1
│  └─ callsites@^3.0.0
├─ parse-filepath@1.0.2
│  ├─ is-absolute@^1.0.0
│  ├─ map-cache@^0.2.0
│  └─ path-root@^0.1.1
├─ parse-json@2.2.0
│  └─ error-ex@^1.2.0
├─ parse-passwd@1.0.0
├─ path-exists@4.0.0
├─ path-is-absolute@1.0.1
├─ path-key@3.1.1
├─ path-parse@1.0.7
├─ path-root-regex@0.1.2
├─ path-root@0.1.1
│  └─ path-root-regex@^0.1.0
├─ path-type@4.0.0
├─ picomatch@2.3.1
├─ pify@2.3.0
├─ pinkie-promise@2.0.1
│  └─ pinkie@^2.0.0
├─ pinkie@2.0.4
├─ prelude-ls@1.2.1
├─ prop-types@15.8.1
│  ├─ loose-envify@^1.4.0
│  ├─ object-assign@^4.1.1
│  └─ react-is@^16.13.1
├─ pstree.remy@1.1.8
├─ punycode@2.1.1
├─ qs@6.11.0
│  └─ side-channel@^1.0.4
├─ queue-microtask@1.2.3
├─ raw-body@1.1.7
│  ├─ bytes@1
│  └─ string_decoder@0.10
├─ react-is@16.13.1
├─ read-pkg-up@1.0.1
│  ├─ find-up@^1.0.0
│  ├─ find-up@1.1.2
│  │  ├─ path-exists@^2.0.0
│  │  └─ pinkie-promise@^2.0.0
│  ├─ path-exists@2.1.0
│  │  └─ pinkie-promise@^2.0.0
│  └─ read-pkg@^1.0.0
├─ read-pkg@1.1.0
│  ├─ load-json-file@^1.0.0
│  ├─ normalize-package-data@^2.3.2
│  ├─ path-type@^1.0.0
│  └─ path-type@1.1.0
│     ├─ graceful-fs@^4.1.2
│     ├─ pify@^2.0.0
│     └─ pinkie-promise@^2.0.0
├─ readdirp@3.6.0
│  └─ picomatch@^2.2.1
├─ rechoir@0.6.2
│  └─ resolve@^1.1.6
├─ redent@1.0.0
│  ├─ indent-string@^2.1.0
│  └─ strip-indent@^1.0.1
├─ regexp.prototype.flags@1.4.3
│  ├─ call-bind@^1.0.2
│  ├─ define-properties@^1.1.3
│  └─ functions-have-names@^1.2.2
├─ regexpp@3.2.0
├─ repeating@2.0.1
│  └─ is-finite@^1.0.0
├─ resolve-dir@1.0.1
│  ├─ expand-tilde@^2.0.0
│  └─ global-modules@^1.0.0
├─ resolve-from@4.0.0
├─ resolve@1.22.1
│  ├─ is-core-module@^2.9.0
│  ├─ path-parse@^1.0.7
│  └─ supports-preserve-symlinks-flag@^1.0.0
├─ reusify@1.0.4
├─ rimraf@3.0.2
│  ├─ glob@^7.1.3
│  └─ glob@7.2.3
│     ├─ fs.realpath@^1.0.0
│     ├─ inflight@^1.0.4
│     ├─ inherits@2
│     ├─ minimatch@^3.1.1
│     ├─ once@^1.3.0
│     └─ path-is-absolute@^1.0.0
├─ run-parallel@1.2.0
│  └─ queue-microtask@^1.2.2
├─ safe-buffer@5.2.1
├─ safe-json-parse@1.0.1
├─ safer-buffer@2.1.2
├─ semver-regex@1.0.0
├─ semver-truncate@1.1.2
│  └─ semver@^5.3.0
├─ semver@5.7.1
├─ shebang-command@2.0.0
│  └─ shebang-regex@^3.0.0
├─ shebang-regex@3.0.0
├─ shelljs@0.8.5
│  ├─ glob@^7.0.0
│  ├─ glob@7.2.3
│  │  ├─ fs.realpath@^1.0.0
│  │  ├─ inflight@^1.0.4
│  │  ├─ inherits@2
│  │  ├─ minimatch@^3.1.1
│  │  ├─ once@^1.3.0
│  │  └─ path-is-absolute@^1.0.0
│  ├─ interpret@^1.0.0
│  └─ rechoir@^0.6.2
├─ side-channel@1.0.4
│  ├─ call-bind@^1.0.0
│  ├─ get-intrinsic@^1.0.2
│  └─ object-inspect@^1.9.0
├─ signal-exit@3.0.7
├─ simple-update-notifier@1.0.7
│  ├─ semver@~7.0.0
│  └─ semver@7.0.0
├─ slash@3.0.0
├─ spdx-correct@3.1.1
│  ├─ spdx-expression-parse@^3.0.0
│  └─ spdx-license-ids@^3.0.0
├─ spdx-exceptions@2.3.0
├─ spdx-expression-parse@3.0.1
│  ├─ spdx-exceptions@^2.1.0
│  └─ spdx-license-ids@^3.0.0
├─ spdx-license-ids@3.0.11
├─ sprintf-js@1.1.2
├─ string_decoder@0.10.31
├─ string-template@0.2.1
├─ string.prototype.matchall@4.0.7
│  ├─ call-bind@^1.0.2
│  ├─ define-properties@^1.1.3
│  ├─ es-abstract@^1.19.1
│  ├─ get-intrinsic@^1.1.1
│  ├─ has-symbols@^1.0.3
│  ├─ internal-slot@^1.0.3
│  ├─ regexp.prototype.flags@^1.4.1
│  └─ side-channel@^1.0.4
├─ string.prototype.trimend@1.0.5
│  ├─ call-bind@^1.0.2
│  ├─ define-properties@^1.1.4
│  └─ es-abstract@^1.19.5
├─ string.prototype.trimstart@1.0.5
│  ├─ call-bind@^1.0.2
│  ├─ define-properties@^1.1.4
│  └─ es-abstract@^1.19.5
├─ strip-ansi@6.0.1
│  └─ ansi-regex@^5.0.1
├─ strip-bom@3.0.0
├─ strip-indent@1.0.1
│  └─ get-stdin@^4.0.1
├─ strip-json-comments@3.1.1
├─ supports-color@5.5.0
│  └─ has-flag@^3.0.0
├─ supports-preserve-symlinks-flag@1.0.0
├─ text-table@0.2.0
├─ tiny-lr@1.1.1
│  ├─ body@^5.1.0
│  ├─ debug@^3.1.0
│  ├─ faye-websocket@~0.10.0
│  ├─ livereload-js@^2.3.0
│  ├─ object-assign@^4.1.0
│  └─ qs@^6.4.0
├─ tmp@0.0.28
│  └─ os-tmpdir@~1.0.1
├─ to-regex-range@5.0.1
│  └─ is-number@^7.0.0
├─ touch@3.1.0
│  ├─ nopt@~1.0.10
│  └─ nopt@1.0.10
│     └─ abbrev@1
├─ trim-newlines@1.0.0
├─ tsconfig-paths@3.14.1
│  ├─ @types/json5@^0.0.29
│  ├─ json5@^1.0.1
│  ├─ minimist@^1.2.6
│  └─ strip-bom@^3.0.0
├─ type-check@0.4.0
│  └─ prelude-ls@^1.2.1
├─ type-fest@0.20.2
├─ typescript@4.7.4
├─ unbox-primitive@1.0.2
│  ├─ call-bind@^1.0.2
│  ├─ has-bigints@^1.0.2
│  ├─ has-symbols@^1.0.3
│  └─ which-boxed-primitive@^1.0.2
├─ unc-path-regex@0.1.2
├─ undefsafe@2.0.5
├─ underscore.string@3.3.6
│  ├─ sprintf-js@^1.1.1
│  └─ util-deprecate@^1.0.2
├─ uri-js@4.4.1
│  └─ punycode@^2.1.0
├─ util-deprecate@1.0.2
├─ v8-compile-cache@2.3.0
├─ v8flags@3.2.0
│  └─ homedir-polyfill@^1.0.1
├─ validate-npm-package-license@3.0.4
│  ├─ spdx-correct@^3.0.0
│  └─ spdx-expression-parse@^3.0.0
├─ websocket-driver@0.7.4
│  ├─ http-parser-js@>=0.5.1
│  ├─ safe-buffer@>=5.1.0
│  └─ websocket-extensions@>=0.1.1
├─ websocket-extensions@0.1.4
├─ which-boxed-primitive@1.0.2
│  ├─ is-bigint@^1.0.1
│  ├─ is-boolean-object@^1.1.0
│  ├─ is-number-object@^1.0.4
│  ├─ is-string@^1.0.5
│  └─ is-symbol@^1.0.3
├─ which@1.3.1
│  └─ isexe@^2.0.0
├─ word-wrap@1.2.3
├─ wrappy@1.0.2
└─ yocto-queue@0.1.0
Done in 0.33s.
